<?xml version="1.0" encoding="UTF-8"?>
<!-- Generated by org.testng.reporters.JUnitReportReporter -->
<testsuite skipped="0" hostname="CTSCE002324" name="com.galenframework.java.sample.tests.WelcomePageTest" tests="1" failures="0" timestamp="07 Jul 2017 06:51:04 GMT" time="34.369" errors="1">
  <testcase name="welcomePage_shouldLookGood_onDevice" time="34.369" classname="com.galenframework.java.sample.tests.WelcomePageTest">
    <error type="java.io.FileNotFoundException" message="/specs/mypoc.spec">
      <![CDATA[java.io.FileNotFoundException: /specs/mypoc.spec
	at com.galenframework.speclang2.pagespec.PageSpecReader.read(PageSpecReader.java:43)
	at com.galenframework.api.Galen.checkLayout(Galen.java:68)
	at com.galenframework.api.Galen.checkLayout(Galen.java:59)
	at com.galenframework.api.Galen.checkLayout(Galen.java:52)
	at com.galenframework.api.Galen.checkLayout(Galen.java:141)
	at com.galenframework.support.GalenJavaTestBase.checkLayout(GalenJavaTestBase.java:125)
	at com.galenframework.support.GalenJavaTestBase.checkLayout(GalenJavaTestBase.java:111)
	at com.galenframework.java.sample.tests.WelcomePageTest.welcomePage_shouldLookGood_onDevice(WelcomePageTest.java:29)
	at sun.reflect.NativeMethodAccessorImpl.invoke0(Native Method)
	at sun.reflect.NativeMethodAccessorImpl.invoke(Unknown Source)
	at sun.reflect.DelegatingMethodAccessorImpl.invoke(Unknown Source)
	at java.lang.reflect.Method.invoke(Unknown Source)
	at org.testng.internal.MethodInvocationHelper.invokeMethod(MethodInvocationHelper.java:108)
	at org.testng.internal.Invoker.invokeMethod(Invoker.java:661)
	at org.testng.internal.Invoker.invokeTestMethod(Invoker.java:869)
	at org.testng.internal.Invoker.invokeTestMethods(Invoker.java:1193)
	at org.testng.internal.TestMethodWorker.invokeTestMethods(TestMethodWorker.java:126)
	at org.testng.internal.TestMethodWorker.run(TestMethodWorker.java:109)
	at org.testng.TestRunner.privateRun(TestRunner.java:744)
	at org.testng.TestRunner.run(TestRunner.java:602)
	at org.testng.SuiteRunner.runTest(SuiteRunner.java:380)
	at org.testng.SuiteRunner.runSequentially(SuiteRunner.java:375)
	at org.testng.SuiteRunner.privateRun(SuiteRunner.java:340)
	at org.testng.SuiteRunner.run(SuiteRunner.java:289)
	at org.testng.SuiteRunnerWorker.runSuite(SuiteRunnerWorker.java:52)
	at org.testng.SuiteRunnerWorker.run(SuiteRunnerWorker.java:86)
	at org.testng.TestNG.runSuitesSequentially(TestNG.java:1301)
	at org.testng.TestNG.runSuitesLocally(TestNG.java:1226)
	at org.testng.TestNG.runSuites(TestNG.java:1144)
	at org.testng.TestNG.run(TestNG.java:1115)
	at org.testng.remote.AbstractRemoteTestNG.run(AbstractRemoteTestNG.java:132)
	at org.testng.remote.RemoteTestNG.initAndRun(RemoteTestNG.java:230)
	at org.testng.remote.RemoteTestNG.main(RemoteTestNG.java:76)
]]>
    </error>
  </testcase> <!-- welcomePage_shouldLookGood_onDevice -->
</testsuite> <!-- com.galenframework.java.sample.tests.WelcomePageTest -->
