<?xml version="1.0" encoding="UTF-8"?>
<!-- Generated by org.testng.reporters.JUnitReportReporter -->
<testsuite skipped="0" hostname="CTSCE002324" name="com.galenframework.java.sample.tests.HomePageTest" tests="1" failures="0" timestamp="07 Jul 2017 07:52:53 GMT" time="15.921" errors="0">
  <testcase name="welcomePage_shouldLookGood_onDevice" time="15.921" classname="com.galenframework.java.sample.tests.HomePageTest"/>
</testsuite> <!-- com.galenframework.java.sample.tests.HomePageTest -->
